d:\daniel olson\desktop\fall2018\csci5607\assignment2\assignment2\release\assignment2.ipdb
d:\daniel olson\desktop\fall2018\csci5607\assignment2\assignment2\release\assignment2.iobj
d:\daniel olson\desktop\fall2018\csci5607\assignment2\assignment2\assignment2\release\vc141.pdb
d:\daniel olson\desktop\fall2018\csci5607\assignment2\assignment2\assignment2\release\vector.obj
d:\daniel olson\desktop\fall2018\csci5607\assignment2\assignment2\assignment2\release\spotlight.obj
d:\daniel olson\desktop\fall2018\csci5607\assignment2\assignment2\assignment2\release\sphere.obj
d:\daniel olson\desktop\fall2018\csci5607\assignment2\assignment2\assignment2\release\ray.obj
d:\daniel olson\desktop\fall2018\csci5607\assignment2\assignment2\assignment2\release\pointlight.obj
d:\daniel olson\desktop\fall2018\csci5607\assignment2\assignment2\assignment2\release\pixel.obj
d:\daniel olson\desktop\fall2018\csci5607\assignment2\assignment2\assignment2\release\material.obj
d:\daniel olson\desktop\fall2018\csci5607\assignment2\assignment2\assignment2\release\main.obj
d:\daniel olson\desktop\fall2018\csci5607\assignment2\assignment2\assignment2\release\image.obj
d:\daniel olson\desktop\fall2018\csci5607\assignment2\assignment2\assignment2\release\directionallight.obj
d:\daniel olson\desktop\fall2018\csci5607\assignment2\assignment2\assignment2\release\camera.obj
d:\daniel olson\desktop\fall2018\csci5607\assignment2\assignment2\assignment2\release\ambientlight.obj
d:\daniel olson\desktop\fall2018\csci5607\assignment2\assignment2\release\assignment2.exe
d:\daniel olson\desktop\fall2018\csci5607\assignment2\assignment2\release\assignment2.pdb
d:\daniel olson\desktop\fall2018\csci5607\assignment2\assignment2\assignment2\release\assignment2.tlog\assignment2.write.1u.tlog
d:\daniel olson\desktop\fall2018\csci5607\assignment2\assignment2\assignment2\release\assignment2.tlog\cl.command.1.tlog
d:\daniel olson\desktop\fall2018\csci5607\assignment2\assignment2\assignment2\release\assignment2.tlog\cl.read.1.tlog
d:\daniel olson\desktop\fall2018\csci5607\assignment2\assignment2\assignment2\release\assignment2.tlog\cl.write.1.tlog
d:\daniel olson\desktop\fall2018\csci5607\assignment2\assignment2\assignment2\release\assignment2.tlog\link.command.1.tlog
d:\daniel olson\desktop\fall2018\csci5607\assignment2\assignment2\assignment2\release\assignment2.tlog\link.read.1.tlog
d:\daniel olson\desktop\fall2018\csci5607\assignment2\assignment2\assignment2\release\assignment2.tlog\link.write.1.tlog
