  AmbientLight.cpp
  DirectionalLight.cpp
d:\daniel olson\desktop\fall2018\csci5607\assignment2\assignment2\assignment2\directionallight.cpp(33): warning C4018: '<': signed/unsigned mismatch
  PointLight.cpp
d:\daniel olson\desktop\fall2018\csci5607\assignment2\assignment2\assignment2\pointlight.cpp(23): warning C4244: 'argument': conversion from 'double' to 'const float', possible loss of data
d:\daniel olson\desktop\fall2018\csci5607\assignment2\assignment2\assignment2\pointlight.cpp(31): warning C4018: '<': signed/unsigned mismatch
  Sphere.cpp
d:\daniel olson\desktop\fall2018\csci5607\assignment2\assignment2\assignment2\sphere.cpp(25): warning C4244: 'initializing': conversion from 'double' to 'float', possible loss of data
d:\daniel olson\desktop\fall2018\csci5607\assignment2\assignment2\assignment2\sphere.cpp(29): warning C4244: 'initializing': conversion from 'double' to 'float', possible loss of data
d:\daniel olson\desktop\fall2018\csci5607\assignment2\assignment2\assignment2\sphere.cpp(31): warning C4244: '=': conversion from 'double' to 'float', possible loss of data
  SpotLight.cpp
d:\daniel olson\desktop\fall2018\csci5607\assignment2\assignment2\assignment2\spotlight.cpp(21): warning C4018: '<': signed/unsigned mismatch
  main.cpp
d:\daniel olson\desktop\fall2018\csci5607\assignment2\assignment2\assignment2\main.cpp(40): warning C4018: '<': signed/unsigned mismatch
d:\daniel olson\desktop\fall2018\csci5607\assignment2\assignment2\assignment2\main.cpp(82): warning C4244: 'argument': conversion from 'int' to 'float', possible loss of data
d:\daniel olson\desktop\fall2018\csci5607\assignment2\assignment2\assignment2\main.cpp(85): warning C4244: 'argument': conversion from 'float' to 'Component', possible loss of data
d:\daniel olson\desktop\fall2018\csci5607\assignment2\assignment2\assignment2\main.cpp(88): warning C4244: 'argument': conversion from 'float' to 'Component', possible loss of data
d:\daniel olson\desktop\fall2018\csci5607\assignment2\assignment2\assignment2\main.cpp(118): warning C4018: '<': signed/unsigned mismatch
d:\daniel olson\desktop\fall2018\csci5607\assignment2\assignment2\assignment2\main.cpp(122): warning C4244: 'initializing': conversion from 'double' to 'float', possible loss of data
d:\daniel olson\desktop\fall2018\csci5607\assignment2\assignment2\assignment2\main.cpp(141): warning C4018: '<': signed/unsigned mismatch
  Generating code
  3 of 370 functions ( 0.8%) were compiled, the rest were copied from previous compilation.
    0 functions were new in current compilation
    1 functions had inline decision re-evaluated but remain unchanged
  Finished generating code
  Assignment2.vcxproj -> D:\Daniel Olson\Desktop\Fall2018\CSCI5607\Assignment2\Assignment2\Release\Assignment2.exe
