d:\daniel olson\desktop\fall2018\csci5607\assignment2\assignment2\assignment2\debug\vc141.pdb
d:\daniel olson\desktop\fall2018\csci5607\assignment2\assignment2\assignment2\debug\vc141.idb
d:\daniel olson\desktop\fall2018\csci5607\assignment2\assignment2\assignment2\debug\vector.obj
d:\daniel olson\desktop\fall2018\csci5607\assignment2\assignment2\assignment2\debug\spotlight.obj
d:\daniel olson\desktop\fall2018\csci5607\assignment2\assignment2\assignment2\debug\sphere.obj
d:\daniel olson\desktop\fall2018\csci5607\assignment2\assignment2\assignment2\debug\ray.obj
d:\daniel olson\desktop\fall2018\csci5607\assignment2\assignment2\assignment2\debug\pointlight.obj
d:\daniel olson\desktop\fall2018\csci5607\assignment2\assignment2\assignment2\debug\pixel.obj
d:\daniel olson\desktop\fall2018\csci5607\assignment2\assignment2\assignment2\debug\material.obj
d:\daniel olson\desktop\fall2018\csci5607\assignment2\assignment2\assignment2\debug\main.obj
d:\daniel olson\desktop\fall2018\csci5607\assignment2\assignment2\assignment2\debug\image.obj
d:\daniel olson\desktop\fall2018\csci5607\assignment2\assignment2\assignment2\debug\directionallight.obj
d:\daniel olson\desktop\fall2018\csci5607\assignment2\assignment2\assignment2\debug\camera.obj
d:\daniel olson\desktop\fall2018\csci5607\assignment2\assignment2\assignment2\debug\ambientlight.obj
d:\daniel olson\desktop\fall2018\csci5607\assignment2\assignment2\debug\assignment2.pdb
d:\daniel olson\desktop\fall2018\csci5607\assignment2\assignment2\assignment2\debug\assignment2.tlog\cl.command.1.tlog
d:\daniel olson\desktop\fall2018\csci5607\assignment2\assignment2\assignment2\debug\assignment2.tlog\cl.read.1.tlog
d:\daniel olson\desktop\fall2018\csci5607\assignment2\assignment2\assignment2\debug\assignment2.tlog\cl.write.1.tlog
d:\daniel olson\desktop\fall2018\csci5607\assignment2\assignment2\assignment2\debug\assignment2.tlog\link-cvtres.read.1.tlog
d:\daniel olson\desktop\fall2018\csci5607\assignment2\assignment2\assignment2\debug\assignment2.tlog\link-cvtres.write.1.tlog
d:\daniel olson\desktop\fall2018\csci5607\assignment2\assignment2\assignment2\debug\assignment2.tlog\link-rc.read.1.tlog
d:\daniel olson\desktop\fall2018\csci5607\assignment2\assignment2\assignment2\debug\assignment2.tlog\link-rc.write.1.tlog
d:\daniel olson\desktop\fall2018\csci5607\assignment2\assignment2\assignment2\debug\assignment2.tlog\link.command.1.tlog
d:\daniel olson\desktop\fall2018\csci5607\assignment2\assignment2\assignment2\debug\assignment2.tlog\link.read.1.tlog
d:\daniel olson\desktop\fall2018\csci5607\assignment2\assignment2\assignment2\debug\assignment2.tlog\link.write.1.tlog
