c:\users\daniel\desktop\fall2018\csci5607\assignment2\assignment2\release\assignment2.ipdb
c:\users\daniel\desktop\fall2018\csci5607\assignment2\assignment2\release\assignment2.iobj
c:\users\daniel\desktop\fall2018\csci5607\assignment2\assignment2\release\vc141.pdb
c:\users\daniel\desktop\fall2018\csci5607\assignment2\assignment2\release\vector.obj
c:\users\daniel\desktop\fall2018\csci5607\assignment2\assignment2\release\spotlight.obj
c:\users\daniel\desktop\fall2018\csci5607\assignment2\assignment2\release\sphere.obj
c:\users\daniel\desktop\fall2018\csci5607\assignment2\assignment2\release\ray.obj
c:\users\daniel\desktop\fall2018\csci5607\assignment2\assignment2\release\pointlight.obj
c:\users\daniel\desktop\fall2018\csci5607\assignment2\assignment2\release\pixel.obj
c:\users\daniel\desktop\fall2018\csci5607\assignment2\assignment2\release\material.obj
c:\users\daniel\desktop\fall2018\csci5607\assignment2\assignment2\release\main.obj
c:\users\daniel\desktop\fall2018\csci5607\assignment2\assignment2\release\image.obj
c:\users\daniel\desktop\fall2018\csci5607\assignment2\assignment2\release\directionallight.obj
c:\users\daniel\desktop\fall2018\csci5607\assignment2\assignment2\release\camera.obj
c:\users\daniel\desktop\fall2018\csci5607\assignment2\assignment2\release\ambientlight.obj
c:\users\daniel\desktop\fall2018\csci5607\assignment2\assignment2\release\assignment2.exe
c:\users\daniel\desktop\fall2018\csci5607\assignment2\assignment2\release\assignment2.pdb
c:\users\daniel\desktop\fall2018\csci5607\assignment2\assignment2\release\assignment2.tlog\assignment2.write.1u.tlog
c:\users\daniel\desktop\fall2018\csci5607\assignment2\assignment2\release\assignment2.tlog\cl.command.1.tlog
c:\users\daniel\desktop\fall2018\csci5607\assignment2\assignment2\release\assignment2.tlog\cl.read.1.tlog
c:\users\daniel\desktop\fall2018\csci5607\assignment2\assignment2\release\assignment2.tlog\cl.write.1.tlog
c:\users\daniel\desktop\fall2018\csci5607\assignment2\assignment2\release\assignment2.tlog\link.command.1.tlog
c:\users\daniel\desktop\fall2018\csci5607\assignment2\assignment2\release\assignment2.tlog\link.read.1.tlog
c:\users\daniel\desktop\fall2018\csci5607\assignment2\assignment2\release\assignment2.tlog\link.write.1.tlog
